<?xml version="1.0" encoding="UTF-8"?>
<!-- Generated by org.testng.reporters.JUnitReportReporter -->
<testsuite hostname="DESKTOP-CI4K04K" name="com.orangeHRM.tests.LoginTest" tests="1" failures="0" timestamp="14 Apr 2021 17:35:40 GMT" time="15.576" errors="0">
  <testcase name="RunTest" time="15.576" classname="com.orangeHRM.tests.LoginTest"/>
</testsuite> <!-- com.orangeHRM.tests.LoginTest -->
