<?xml version="1.0" encoding="UTF-8"?>
<!-- Generated by org.testng.reporters.JUnitReportReporter -->
<testsuite hostname="DESKTOP-CI4K04K" name="com.orangeHRM.tests.HomePageTest" tests="2" failures="0" timestamp="18 Apr 2021 19:47:49 GMT" time="19.454" errors="0">
  <testcase name="loginTest" time="15.275" classname="com.orangeHRM.tests.HomePageTest"/>
  <testcase name="MenuTab" time="4.179" classname="com.orangeHRM.tests.HomePageTest"/>
</testsuite> <!-- com.orangeHRM.tests.HomePageTest -->
